<?xml version="1.0" encoding="UTF-8"?>
<testExecutions version="1">
  <file path="/data/source/ionic/vue/test/framework-delegate.spec.js">
    <testCase name="Framework delegation Attaches components to DOM" duration="21"/>
    <testCase name="Framework delegation Attaches lazy loaded components to DOM" duration="2"/>
    <testCase name="Framework delegation Attaches HTML elements to DOM" duration="0"/>
    <testCase name="Framework delegation Removes from DOM" duration="7"/>
  </file>
  <file path="/data/source/ionic/vue/test/api.spec.js">
    <testCase name="API Installs correctly" duration="5"/>
    <testCase name="API Creates action sheet controller" duration="8"/>
    <testCase name="API Creates alert controllers" duration="1"/>
    <testCase name="API Creates loading controllers" duration="0"/>
    <testCase name="API Creates modal controllers" duration="1"/>
    <testCase name="API Creates popover controllers" duration="1"/>
    <testCase name="API Creates toast controllers" duration="0"/>
    <testCase name="API Creates menu controllers" duration="2"/>
  </file>
  <file path="/data/source/ionic/vue/test/router.node.spec.js">
    <testCase name="Router node Sets globals correctly" duration="1830"/>
  </file>
  <file path="/data/source/ionic/vue/test/ion-vue-router-transitionless.spec.js">
    <testCase name="IonVueRouter Catches back button click event" duration="25"/>
  </file>
  <file path="/data/source/ionic/vue/test/router.spec.js">
    <testCase name="Router Installs correctly" duration="20"/>
    <testCase name="Router Navigates correctly" duration="3"/>
  </file>
  <file path="/data/source/ionic/vue/test/ion-vue-router.spec.js">
    <testCase name="IonVueRouter Renders the home route correctly" duration="24"/>
    <testCase name="IonVueRouter Renders the page route correctly" duration="51"/>
    <testCase name="IonVueRouter Renders back route correctly" duration="4"/>
    <testCase name="IonVueRouter Sets the default data correctly" duration="2"/>
    <testCase name="IonVueRouter Sets the default props correctly" duration="3"/>
    <testCase name="IonVueRouter Transitions correctly" duration="2"/>
    <testCase name="IonVueRouter Gets duration correctly" duration="1"/>
    <testCase name="IonVueRouter Gets direction correctly" duration="1"/>
    <testCase name="IonVueRouter Runs stub methods correctly" duration="0"/>
  </file>
</testExecutions>